Added Component: Designator=CN1(2*19P)
Add component (AddParameter): Name = "LatestRevisionDate"; Value = "17-Jul-2002"; VariantName = "[No Variations]"
Add component (AddParameter): Name = "LatestRevisionNote"; Value = "Re-released for DXP Platform."; VariantName = "[No Variations]"
Add component (AddParameter): Name = "Publisher"; Value = "Altium Limited"; VariantName = "[No Variations]"
Added Component: Designator=CN2(2*19P)
Add component (AddParameter): Name = "LatestRevisionDate"; Value = "17-Jul-2002"; VariantName = "[No Variations]"
Add component (AddParameter): Name = "LatestRevisionNote"; Value = "Re-released for DXP Platform."; VariantName = "[No Variations]"
Add component (AddParameter): Name = "Publisher"; Value = "Altium Limited"; VariantName = "[No Variations]"
Added Component: Designator=GY-86(HDR1X8)
Add component (AddParameter): Name = "LatestRevisionDate"; Value = "17-Jul-2002"; VariantName = "[No Variations]"
Add component (AddParameter): Name = "LatestRevisionNote"; Value = "Re-released for DXP Platform."; VariantName = "[No Variations]"
Add component (AddParameter): Name = "Publisher"; Value = "Altium Limited"; VariantName = "[No Variations]"
Added Component: Designator=HM-10(HDR1X6)
Add component (AddParameter): Name = "LatestRevisionDate"; Value = "17-Jul-2002"; VariantName = "[No Variations]"
Add component (AddParameter): Name = "LatestRevisionNote"; Value = "Re-released for DXP Platform."; VariantName = "[No Variations]"
Add component (AddParameter): Name = "Publisher"; Value = "Altium Limited"; VariantName = "[No Variations]"
Added Component: Designator=LB(HDR1X3)
Add component (AddParameter): Name = "LatestRevisionDate"; Value = "17-Jul-2002"; VariantName = "[No Variations]"
Add component (AddParameter): Name = "LatestRevisionNote"; Value = "Re-released for DXP Platform."; VariantName = "[No Variations]"
Add component (AddParameter): Name = "Publisher"; Value = "Altium Limited"; VariantName = "[No Variations]"
Added Component: Designator=LF(HDR1X3)
Add component (AddParameter): Name = "LatestRevisionDate"; Value = "17-Jul-2002"; VariantName = "[No Variations]"
Add component (AddParameter): Name = "LatestRevisionNote"; Value = "Re-released for DXP Platform."; VariantName = "[No Variations]"
Add component (AddParameter): Name = "Publisher"; Value = "Altium Limited"; VariantName = "[No Variations]"
Added Component: Designator=OLED(HDR1X4)
Add component (AddParameter): Name = "LatestRevisionDate"; Value = "17-Jul-2002"; VariantName = "[No Variations]"
Add component (AddParameter): Name = "LatestRevisionNote"; Value = "Re-released for DXP Platform."; VariantName = "[No Variations]"
Add component (AddParameter): Name = "Publisher"; Value = "Altium Limited"; VariantName = "[No Variations]"
Added Component: Designator=RB(HDR1X3)
Add component (AddParameter): Name = "LatestRevisionDate"; Value = "17-Jul-2002"; VariantName = "[No Variations]"
Add component (AddParameter): Name = "LatestRevisionNote"; Value = "Re-released for DXP Platform."; VariantName = "[No Variations]"
Add component (AddParameter): Name = "Publisher"; Value = "Altium Limited"; VariantName = "[No Variations]"
Added Component: Designator=Receiver(HDR1X3)
Add component (AddParameter): Name = "LatestRevisionDate"; Value = "17-Jul-2002"; VariantName = "[No Variations]"
Add component (AddParameter): Name = "LatestRevisionNote"; Value = "Re-released for DXP Platform."; VariantName = "[No Variations]"
Add component (AddParameter): Name = "Publisher"; Value = "Altium Limited"; VariantName = "[No Variations]"
Added Component: Designator=RF(HDR1X3)
Add component (AddParameter): Name = "LatestRevisionDate"; Value = "17-Jul-2002"; VariantName = "[No Variations]"
Add component (AddParameter): Name = "LatestRevisionNote"; Value = "Re-released for DXP Platform."; VariantName = "[No Variations]"
Add component (AddParameter): Name = "Publisher"; Value = "Altium Limited"; VariantName = "[No Variations]"
Added Pin To Net: NetName=3V3 Pin=CN1-16
Added Pin To Net: NetName=3V3 Pin=GY-86-2
Added Pin To Net: NetName=3V3 Pin=OLED-2
Added Net: Name=3V3
Added Pin To Net: NetName=5V Pin=CN1-18
Added Pin To Net: NetName=5V Pin=HM-10-5
Added Pin To Net: NetName=5V Pin=LB-2
Added Pin To Net: NetName=5V Pin=LF-2
Added Pin To Net: NetName=5V Pin=RB-2
Added Pin To Net: NetName=5V Pin=Receiver-2
Added Pin To Net: NetName=5V Pin=RF-2
Added Net: Name=5V
Added Pin To Net: NetName=GND Pin=CN1-8
Added Pin To Net: NetName=GND Pin=CN1-19
Added Pin To Net: NetName=GND Pin=CN1-20
Added Pin To Net: NetName=GND Pin=CN1-22
Added Pin To Net: NetName=GND Pin=CN2-9
Added Pin To Net: NetName=GND Pin=CN2-20
Added Pin To Net: NetName=GND Pin=GY-86-3
Added Pin To Net: NetName=GND Pin=HM-10-4
Added Pin To Net: NetName=GND Pin=LB-3
Added Pin To Net: NetName=GND Pin=LF-3
Added Pin To Net: NetName=GND Pin=OLED-1
Added Pin To Net: NetName=GND Pin=RB-3
Added Pin To Net: NetName=GND Pin=Receiver-3
Added Pin To Net: NetName=GND Pin=RF-3
Added Net: Name=GND
Added Pin To Net: NetName=I2C_SCL Pin=CN2-3
Added Pin To Net: NetName=I2C_SCL Pin=GY-86-4
Added Net: Name=I2C_SCL
Added Pin To Net: NetName=I2C_SDA Pin=CN2-5
Added Pin To Net: NetName=I2C_SDA Pin=GY-86-5
Added Net: Name=I2C_SDA
Added Pin To Net: NetName=PB3 Pin=CN2-31
Added Pin To Net: NetName=PB3 Pin=OLED-3
Added Net: Name=PB3
Added Pin To Net: NetName=PB10 Pin=CN2-25
Added Pin To Net: NetName=PB10 Pin=OLED-4
Added Net: Name=PB10
Added Pin To Net: NetName=RXD Pin=CN2-17
Added Pin To Net: NetName=RXD Pin=HM-10-2
Added Net: Name=RXD
Added Pin To Net: NetName=TIM1_CH1 Pin=CN2-23
Added Pin To Net: NetName=TIM1_CH1 Pin=Receiver-1
Added Net: Name=TIM1_CH1
Added Pin To Net: NetName=TIM3_CH1 Pin=CN2-4
Added Pin To Net: NetName=TIM3_CH1 Pin=LF-1
Added Net: Name=TIM3_CH1
Added Pin To Net: NetName=TIM3_CH2 Pin=CN2-19
Added Pin To Net: NetName=TIM3_CH2 Pin=RF-1
Added Net: Name=TIM3_CH2
Added Pin To Net: NetName=TIM3_CH3 Pin=CN2-2
Added Pin To Net: NetName=TIM3_CH3 Pin=LB-1
Added Net: Name=TIM3_CH3
Added Pin To Net: NetName=TIM3_CH4 Pin=CN2-1
Added Pin To Net: NetName=TIM3_CH4 Pin=RB-1
Added Net: Name=TIM3_CH4
Added Pin To Net: NetName=TXD Pin=CN1-21
Added Pin To Net: NetName=TXD Pin=HM-10-3
Added Net: Name=TXD
Added Class: Name=Connector
Added Room: Name=Connector
